+ for name in Baby Men Women Boys Girls
+ for rel in also_bought also_viewed
+ ./Monomer/split -f data/amazon/image_features_Clothing_Shoes_and_Jewelry.b -d 4096 -m data/monomer/productMeta_simple.txt --cp 'Clothing Shoes & Jewelry|Baby' --layer 2 --graph_path data/monomer/also_bought.txt --dup_path data/monomer/duplicate_list.txt --output_path parsed_data/monomer/Baby-also_bought
{
	"corpus": "data/amazon/image_features_Clothing_Shoes_and_Jewelry.b",
Loading features from data/amazon/image_features_Clothing_Shoes_and_Jewelry.b......................................................................................................................................................
  "nItems": 1494171,
Loading category data, category path = [Clothing Shoes & Jewelry, Baby], layer = 2 ..............................................................................................
  #Items with category: 36588

 [Warning]: So few items are having category info. Sth wrong may have happened.
Loading duplicate labels from data/monomer/duplicate_list.txt..............................................................................................................
Loading graph   "Graph": {.........
"also_bought": 96253},
  Statistics: "nItems": 1494171, "nCategories": 6
   Edges: 96253
  Sampling non-edges 
  Done. Total edges: 192507
  Train edges: 154005, Val edges: 19251, Test edges: 19251
output items...
output parsed_data/monomer/Baby-also_bought/train...
output parsed_data/monomer/Baby-also_bought/val...
Failed to open 
+ for rel in also_bought also_viewed
+ ./Monomer/split -f data/amazon/image_features_Clothing_Shoes_and_Jewelry.b -d 4096 -m data/monomer/productMeta_simple.txt --cp 'Clothing Shoes & Jewelry|Baby' --layer 2 --graph_path data/monomer/also_viewed.txt --dup_path data/monomer/duplicate_list.txt --output_path parsed_data/monomer/Baby-also_viewed
{
	"corpus": "data/amazon/image_features_Clothing_Shoes_and_Jewelry.b",
Loading features from data/amazon/image_features_Clothing_Shoes_and_Jewelry.b......................................................................................................................................................
  "nItems": 1494171,
Loading category data, category path = [Clothing Shoes & Jewelry, Baby], layer = 2 ..............................................................................................
  #Items with category: 36588

 [Warning]: So few items are having category info. Sth wrong may have happened.
Loading duplicate labels from data/monomer/duplicate_list.txt..............................................................................................................
Loading graph   "Graph": {....
"also_viewed": 47892},
  Statistics: "nItems": 1494171, "nCategories": 6
   Edges: 47892
  Sampling non-edges .....
  Done. Total edges: 95784
  Train edges: 76627, Val edges: 9578, Test edges: 9579
output items...
output parsed_data/monomer/Baby-also_viewed/train...
output parsed_data/monomer/Baby-also_viewed/val...
Failed to open 
+ for name in Baby Men Women Boys Girls
+ for rel in also_bought also_viewed
+ ./Monomer/split -f data/amazon/image_features_Clothing_Shoes_and_Jewelry.b -d 4096 -m data/monomer/productMeta_simple.txt --cp 'Clothing Shoes & Jewelry|Men' --layer 2 --graph_path data/monomer/also_bought.txt --dup_path data/monomer/duplicate_list.txt --output_path parsed_data/monomer/Men-also_bought
{
	"corpus": "data/amazon/image_features_Clothing_Shoes_and_Jewelry.b",
Loading features from data/amazon/image_features_Clothing_Shoes_and_Jewelry.b......................................................................................................................................................
  "nItems": 1494171,
Loading category data, category path = [Clothing Shoes & Jewelry, Men], layer = 2 ..............................................................................................
  #Items with category: 306215

 [Warning]: So few items are having category info. Sth wrong may have happened.
Loading duplicate labels from data/monomer/duplicate_list.txt..............................................................................................................
Loading graph   "Graph": {...........................................................................................................
"also_bought": 1075547},
  Statistics: "nItems": 1494171, "nCategories": 56
   Edges: 1075547
  Sampling non-edges 
  Done. Total edges: 2151095
  Train edges: 1720876, Val edges: 215109, Test edges: 215110
output items...
output parsed_data/monomer/Men-also_bought/train...
output parsed_data/monomer/Men-also_bought/val...
Failed to open 
+ for rel in also_bought also_viewed
+ ./Monomer/split -f data/amazon/image_features_Clothing_Shoes_and_Jewelry.b -d 4096 -m data/monomer/productMeta_simple.txt --cp 'Clothing Shoes & Jewelry|Men' --layer 2 --graph_path data/monomer/also_viewed.txt --dup_path data/monomer/duplicate_list.txt --output_path parsed_data/monomer/Men-also_viewed
{
	"corpus": "data/amazon/image_features_Clothing_Shoes_and_Jewelry.b",
Loading features from data/amazon/image_features_Clothing_Shoes_and_Jewelry.b......................................................................................................................................................
  "nItems": 1494171,
Loading category data, category path = [Clothing Shoes & Jewelry, Men], layer = 2 ..............................................................................................
  #Items with category: 306215

 [Warning]: So few items are having category info. Sth wrong may have happened.
Loading duplicate labels from data/monomer/duplicate_list.txt..............................................................................................................
Loading graph   "Graph": {...............................................................
"also_viewed": 635610},
  Statistics: "nItems": 1494171, "nCategories": 56
   Edges: 635610
  Sampling non-edges ................................................................
  Done. Total edges: 1271220
  Train edges: 1016976, Val edges: 127122, Test edges: 127122
output items...
output parsed_data/monomer/Men-also_viewed/train...
output parsed_data/monomer/Men-also_viewed/val...
Failed to open 
+ for name in Baby Men Women Boys Girls
+ for rel in also_bought also_viewed
+ ./Monomer/split -f data/amazon/image_features_Clothing_Shoes_and_Jewelry.b -d 4096 -m data/monomer/productMeta_simple.txt --cp 'Clothing Shoes & Jewelry|Women' --layer 2 --graph_path data/monomer/also_bought.txt --dup_path data/monomer/duplicate_list.txt --output_path parsed_data/monomer/Women-also_bought
{
	"corpus": "data/amazon/image_features_Clothing_Shoes_and_Jewelry.b",
Loading features from data/amazon/image_features_Clothing_Shoes_and_Jewelry.b......................................................................................................................................................
  "nItems": 1494171,
Loading category data, category path = [Clothing Shoes & Jewelry, Women], layer = 2 ..............................................................................................
  #Items with category: 659566

 [Warning]: So few items are having category info. Sth wrong may have happened.
Loading duplicate labels from data/monomer/duplicate_list.txt..............................................................................................................
Loading graph   "Graph": {.................................................................................................................................................................................................
"also_bought": 1923952},
  Statistics: "nItems": 1494171, "nCategories": 116
   Edges: 1923952
  Sampling non-edges ................................................................................................................................................................................................
  Done. Total edges: 3847904
  Train edges: 2000000, Val edges: 923952, Test edges: 923952
output items...
output parsed_data/monomer/Women-also_bought/train...
output parsed_data/monomer/Women-also_bought/val...
Failed to open 
+ for rel in also_bought also_viewed
+ ./Monomer/split -f data/amazon/image_features_Clothing_Shoes_and_Jewelry.b -d 4096 -m data/monomer/productMeta_simple.txt --cp 'Clothing Shoes & Jewelry|Women' --layer 2 --graph_path data/monomer/also_viewed.txt --dup_path data/monomer/duplicate_list.txt --output_path parsed_data/monomer/Women-also_viewed
{
	"corpus": "data/amazon/image_features_Clothing_Shoes_and_Jewelry.b",
Loading features from data/amazon/image_features_Clothing_Shoes_and_Jewelry.b......................................................................................................................................................
  "nItems": 1494171,
Loading category data, category path = [Clothing Shoes & Jewelry, Women], layer = 2 ..............................................................................................
  #Items with category: 659566

 [Warning]: So few items are having category info. Sth wrong may have happened.
Loading duplicate labels from data/monomer/duplicate_list.txt..............................................................................................................
Loading graph   "Graph": {.........................................................................................................................................................................
"also_viewed": 1691121},
  Statistics: "nItems": 1494171, "nCategories": 116
   Edges: 1691121
  Sampling non-edges 
  Done. Total edges: 3382243
  Train edges: 2000000, Val edges: 691121, Test edges: 691122
output items...
output parsed_data/monomer/Women-also_viewed/train...
output parsed_data/monomer/Women-also_viewed/val...
Failed to open 
+ for name in Baby Men Women Boys Girls
+ for rel in also_bought also_viewed
+ ./Monomer/split -f data/amazon/image_features_Clothing_Shoes_and_Jewelry.b -d 4096 -m data/monomer/productMeta_simple.txt --cp 'Clothing Shoes & Jewelry|Boys' --layer 2 --graph_path data/monomer/also_bought.txt --dup_path data/monomer/duplicate_list.txt --output_path parsed_data/monomer/Boys-also_bought
{
	"corpus": "data/amazon/image_features_Clothing_Shoes_and_Jewelry.b",
Loading features from data/amazon/image_features_Clothing_Shoes_and_Jewelry.b......................................................................................................................................................
  "nItems": 1494171,
Loading category data, category path = [Clothing Shoes & Jewelry, Boys], layer = 2 ..............................................................................................
  #Items with category: 42156

 [Warning]: So few items are having category info. Sth wrong may have happened.
Loading duplicate labels from data/monomer/duplicate_list.txt..............................................................................................................
Loading graph   "Graph": {................
"also_bought": 169503},
  Statistics: "nItems": 1494171, "nCategories": 41
   Edges: 169503
  Sampling non-edges 
  Done. Total edges: 339007
  Train edges: 271205, Val edges: 33901, Test edges: 33901
output items...
output parsed_data/monomer/Boys-also_bought/train...
output parsed_data/monomer/Boys-also_bought/val...
Failed to open 
+ for rel in also_bought also_viewed
+ ./Monomer/split -f data/amazon/image_features_Clothing_Shoes_and_Jewelry.b -d 4096 -m data/monomer/productMeta_simple.txt --cp 'Clothing Shoes & Jewelry|Boys' --layer 2 --graph_path data/monomer/also_viewed.txt --dup_path data/monomer/duplicate_list.txt --output_path parsed_data/monomer/Boys-also_viewed
{
	"corpus": "data/amazon/image_features_Clothing_Shoes_and_Jewelry.b",
Loading features from data/amazon/image_features_Clothing_Shoes_and_Jewelry.b......................................................................................................................................................
  "nItems": 1494171,
Loading category data, category path = [Clothing Shoes & Jewelry, Boys], layer = 2 ..............................................................................................
  #Items with category: 42156

 [Warning]: So few items are having category info. Sth wrong may have happened.
Loading duplicate labels from data/monomer/duplicate_list.txt..............................................................................................................
Loading graph   "Graph": {.......
"also_viewed": 75689},
  Statistics: "nItems": 1494171, "nCategories": 41
   Edges: 75689
  Sampling non-edges 
  Done. Total edges: 151379
  Train edges: 121103, Val edges: 15138, Test edges: 15138
output items...
output parsed_data/monomer/Boys-also_viewed/train...
output parsed_data/monomer/Boys-also_viewed/val...
Failed to open 
+ for name in Baby Men Women Boys Girls
+ for rel in also_bought also_viewed
+ ./Monomer/split -f data/amazon/image_features_Clothing_Shoes_and_Jewelry.b -d 4096 -m data/monomer/productMeta_simple.txt --cp 'Clothing Shoes & Jewelry|Girls' --layer 2 --graph_path data/monomer/also_bought.txt --dup_path data/monomer/duplicate_list.txt --output_path parsed_data/monomer/Girls-also_bought
{
	"corpus": "data/amazon/image_features_Clothing_Shoes_and_Jewelry.b",
Loading features from data/amazon/image_features_Clothing_Shoes_and_Jewelry.b......................................................................................................................................................
  "nItems": 1494171,
Loading category data, category path = [Clothing Shoes & Jewelry, Girls], layer = 2 ..............................................................................................
  #Items with category: 56593

 [Warning]: So few items are having category info. Sth wrong may have happened.
Loading duplicate labels from data/monomer/duplicate_list.txt..............................................................................................................
Loading graph   "Graph": {...................
"also_bought": 191964},
  Statistics: "nItems": 1494171, "nCategories": 44
   Edges: 191964
  Sampling non-edges ...................
  Done. Total edges: 383928
  Train edges: 307142, Val edges: 38393, Test edges: 38393
output items...
output parsed_data/monomer/Girls-also_bought/train...
Failed to open 0?\
+ for rel in also_bought also_viewed
+ ./Monomer/split -f data/amazon/image_features_Clothing_Shoes_and_Jewelry.b -d 4096 -m data/monomer/productMeta_simple.txt --cp 'Clothing Shoes & Jewelry|Girls' --layer 2 --graph_path data/monomer/also_viewed.txt --dup_path data/monomer/duplicate_list.txt --output_path parsed_data/monomer/Girls-also_viewed
{
	"corpus": "data/amazon/image_features_Clothing_Shoes_and_Jewelry.b",
Loading features from data/amazon/image_features_Clothing_Shoes_and_Jewelry.b......................................................................................................................................................
  "nItems": 1494171,
Loading category data, category path = [Clothing Shoes & Jewelry, Girls], layer = 2 ..............................................................................................
  #Items with category: 56593

 [Warning]: So few items are having category info. Sth wrong may have happened.
Loading duplicate labels from data/monomer/duplicate_list.txt..............................................................................................................
Loading graph   "Graph": {.........
"also_viewed": 97881},
  Statistics: "nItems": 1494171, "nCategories": 44
   Edges: 97881
  Sampling non-edges 
  Done. Total edges: 195763
  Train edges: 156610, Val edges: 19576, Test edges: 19577
output items...
output parsed_data/monomer/Girls-also_viewed/train...
output parsed_data/monomer/Girls-also_viewed/val...
Failed to open 
fulva@eagle:~/compatibility-family-learning$ ls
???e?    README.md  checkpoints  experiments  logs   parsed_data  p??Y?  requirements.txt  tsflow  ??c`?  ???[?  ??+p?
Monomer  cfl        data         images       model  predicts     p??\?  targetDirectory   ???Z?   ?|?[?  ?&?i?
fulva@eagle:~/compatibility-family-learning$ rm ?*
rm: cannot remove 'cfl': Is a directory
rm: cannot remove 'checkpoints': Is a directory
rm: cannot remove 'data': Is a directory
rm: cannot remove 'experiments': Is a directory
rm: cannot remove 'images': Is a directory
rm: cannot remove 'logs': Is a directory
rm: cannot remove 'model': Is a directory
rm: cannot remove 'Monomer': Is a directory
rm: cannot remove 'parsed_data': Is a directory
rm: cannot remove 'predicts': Is a directory
rm: cannot remove 'targetDirectory': Is a directory
rm: cannot remove 'tsflow': Is a directory
fulva@eagle:~/compatibility-family+ for name in Baby Men Women Boys Girls
+ for rel in also_bought also_viewed
+ ./Monomer/split -f data/amazon/image_features_Clothing_Shoes_and_Jewelry.b -d 4096 -m data/monomer/productMeta_simple.txt --cp 'Clothing Shoes & Jewelry|Baby' --layer 2 --graph_path data/monomer/also_bought.txt --dup_path data/monomer/duplicate_list.txt --output_path parsed_data/monomer/Baby-also_bought
{
	"corpus": "data/amazon/image_features_Clothing_Shoes_and_Jewelry.b",
Loading features from data/amazon/image_features_Clothing_Shoes_and_Jewelry.b......................................................................................................................................................
  "nItems": 1494171,
Loading category data, category path = [Clothing Shoes & Jewelry, Baby], layer = 2 ..............................................................................................
  #Items with category: 36588

 [Warning]: So few items are having category info. Sth wrong may have happened.
Loading duplicate labels from data/monomer/duplicate_list.txt..............................................................................................................
Loading graph   "Graph": {.........
"also_bought": 96253},
  Statistics: "nItems": 1494171, "nCategories": 6
   Edges: 96253
  Sampling non-edges 
  Done. Total edges: 192507
  Train edges: 154005, Val edges: 19251, Test edges: 19251
output items...
output parsed_data/monomer/Baby-also_bought/train...
output parsed_data/monomer/Baby-also_bought/val...
Failed to open 
+ for rel in also_bought also_viewed
+ ./Monomer/split -f data/amazon/image_features_Clothing_Shoes_and_Jewelry.b -d 4096 -m data/monomer/productMeta_simple.txt --cp 'Clothing Shoes & Jewelry|Baby' --layer 2 --graph_path data/monomer/also_viewed.txt --dup_path data/monomer/duplicate_list.txt --output_path parsed_data/monomer/Baby-also_viewed
{
	"corpus": "data/amazon/image_features_Clothing_Shoes_and_Jewelry.b",
Loading features from data/amazon/image_features_Clothing_Shoes_and_Jewelry.b......................................................................................................................................................
  "nItems": 1494171,
Loading category data, category path = [Clothing Shoes & Jewelry, Baby], layer = 2 ..............................................................................................
  #Items with category: 36588

 [Warning]: So few items are having category info. Sth wrong may have happened.
Loading duplicate labels from data/monomer/duplicate_list.txt..............................................................................................................
Loading graph   "Graph": {....
"also_viewed": 47892},
  Statistics: "nItems": 1494171, "nCategories": 6
   Edges: 47892
  Sampling non-edges .....
  Done. Total edges: 95784
  Train edges: 76627, Val edges: 9578, Test edges: 9579
output items...
output parsed_data/monomer/Baby-also_viewed/train...
output parsed_data/monomer/Baby-also_viewed/val...
Failed to open 
+ for name in Baby Men Women Boys Girls
+ for rel in also_bought also_viewed
+ ./Monomer/split -f data/amazon/image_features_Clothing_Shoes_and_Jewelry.b -d 4096 -m data/monomer/productMeta_simple.txt --cp 'Clothing Shoes & Jewelry|Men' --layer 2 --graph_path data/monomer/also_bought.txt --dup_path data/monomer/duplicate_list.txt --output_path parsed_data/monomer/Men-also_bought
{
	"corpus": "data/amazon/image_features_Clothing_Shoes_and_Jewelry.b",
Loading features from data/amazon/image_features_Clothing_Shoes_and_Jewelry.b......................................................................................................................................................
  "nItems": 1494171,
Loading category data, category path = [Clothing Shoes & Jewelry, Men], layer = 2 ..............................................................................................
  #Items with category: 306215

 [Warning]: So few items are having category info. Sth wrong may have happened.
Loading duplicate labels from data/monomer/duplicate_list.txt..............................................................................................................
Loading graph   "Graph": {...........................................................................................................
"also_bought": 1075547},
  Statistics: "nItems": 1494171, "nCategories": 56
   Edges: 1075547
  Sampling non-edges 
  Done. Total edges: 2151095
  Train edges: 1720876, Val edges: 215109, Test edges: 215110
output items...
output parsed_data/monomer/Men-also_bought/train...
output parsed_data/monomer/Men-also_bought/val...
Failed to open 
+ for rel in also_bought also_viewed
+ ./Monomer/split -f data/amazon/image_features_Clothing_Shoes_and_Jewelry.b -d 4096 -m data/monomer/productMeta_simple.txt --cp 'Clothing Shoes & Jewelry|Men' --layer 2 --graph_path data/monomer/also_viewed.txt --dup_path data/monomer/duplicate_list.txt --output_path parsed_data/monomer/Men-also_viewed
{
	"corpus": "data/amazon/image_features_Clothing_Shoes_and_Jewelry.b",
Loading features from data/amazon/image_features_Clothing_Shoes_and_Jewelry.b......................................................................................................................................................
  "nItems": 1494171,
Loading category data, category path = [Clothing Shoes & Jewelry, Men], layer = 2 ..............................................................................................
  #Items with category: 306215

 [Warning]: So few items are having category info. Sth wrong may have happened.
Loading duplicate labels from data/monomer/duplicate_list.txt..............................................................................................................
Loading graph   "Graph": {...............................................................
"also_viewed": 635610},
  Statistics: "nItems": 1494171, "nCategories": 56
   Edges: 635610
  Sampling non-edges ................................................................
  Done. Total edges: 1271220
  Train edges: 1016976, Val edges: 127122, Test edges: 127122
output items...
output parsed_data/monomer/Men-also_viewed/train...
output parsed_data/monomer/Men-also_viewed/val...
Failed to open 
+ for name in Baby Men Women Boys Girls
+ for rel in also_bought also_viewed
+ ./Monomer/split -f data/amazon/image_features_Clothing_Shoes_and_Jewelry.b -d 4096 -m data/monomer/productMeta_simple.txt --cp 'Clothing Shoes & Jewelry|Women' --layer 2 --graph_path data/monomer/also_bought.txt --dup_path data/monomer/duplicate_list.txt --output_path parsed_data/monomer/Women-also_bought
{
	"corpus": "data/amazon/image_features_Clothing_Shoes_and_Jewelry.b",
Loading features from data/amazon/image_features_Clothing_Shoes_and_Jewelry.b......................................................................................................................................................
  "nItems": 1494171,
Loading category data, category path = [Clothing Shoes & Jewelry, Women], layer = 2 ..............................................................................................
  #Items with category: 659566

 [Warning]: So few items are having category info. Sth wrong may have happened.
Loading duplicate labels from data/monomer/duplicate_list.txt..............................................................................................................
Loading graph   "Graph": {.................................................................................................................................................................................................
"also_bought": 1923952},
  Statistics: "nItems": 1494171, "nCategories": 116
   Edges: 1923952
  Sampling non-edges ................................................................................................................................................................................................
  Done. Total edges: 3847904
  Train edges: 2000000, Val edges: 923952, Test edges: 923952
output items...
output parsed_data/monomer/Women-also_bought/train...
output parsed_data/monomer/Women-also_bought/val...
Failed to open 
+ for rel in also_bought also_viewed
+ ./Monomer/split -f data/amazon/image_features_Clothing_Shoes_and_Jewelry.b -d 4096 -m data/monomer/productMeta_simple.txt --cp 'Clothing Shoes & Jewelry|Women' --layer 2 --graph_path data/monomer/also_viewed.txt --dup_path data/monomer/duplicate_list.txt --output_path parsed_data/monomer/Women-also_viewed
{
	"corpus": "data/amazon/image_features_Clothing_Shoes_and_Jewelry.b",
Loading features from data/amazon/image_features_Clothing_Shoes_and_Jewelry.b......................................................................................................................................................
  "nItems": 1494171,
Loading category data, category path = [Clothing Shoes & Jewelry, Women], layer = 2 ..............................................................................................
  #Items with category: 659566

 [Warning]: So few items are having category info. Sth wrong may have happened.
Loading duplicate labels from data/monomer/duplicate_list.txt..............................................................................................................
Loading graph   "Graph": {.........................................................................................................................................................................
"also_viewed": 1691121},
  Statistics: "nItems": 1494171, "nCategories": 116
   Edges: 1691121
  Sampling non-edges 
  Done. Total edges: 3382243
  Train edges: 2000000, Val edges: 691121, Test edges: 691122
output items...
output parsed_data/monomer/Women-also_viewed/train...
output parsed_data/monomer/Women-also_viewed/val...
Failed to open 
+ for name in Baby Men Women Boys Girls
+ for rel in also_bought also_viewed
+ ./Monomer/split -f data/amazon/image_features_Clothing_Shoes_and_Jewelry.b -d 4096 -m data/monomer/productMeta_simple.txt --cp 'Clothing Shoes & Jewelry|Boys' --layer 2 --graph_path data/monomer/also_bought.txt --dup_path data/monomer/duplicate_list.txt --output_path parsed_data/monomer/Boys-also_bought
{
	"corpus": "data/amazon/image_features_Clothing_Shoes_and_Jewelry.b",
Loading features from data/amazon/image_features_Clothing_Shoes_and_Jewelry.b......................................................................................................................................................
  "nItems": 1494171,
Loading category data, category path = [Clothing Shoes & Jewelry, Boys], layer = 2 ..............................................................................................
  #Items with category: 42156

 [Warning]: So few items are having category info. Sth wrong may have happened.
Loading duplicate labels from data/monomer/duplicate_list.txt..............................................................................................................
Loading graph   "Graph": {................
"also_bought": 169503},
  Statistics: "nItems": 1494171, "nCategories": 41
   Edges: 169503
  Sampling non-edges 
  Done. Total edges: 339007
  Train edges: 271205, Val edges: 33901, Test edges: 33901
output items...
output parsed_data/monomer/Boys-also_bought/train...
output parsed_data/monomer/Boys-also_bought/val...
Failed to open 
+ for rel in also_bought also_viewed
+ ./Monomer/split -f data/amazon/image_features_Clothing_Shoes_and_Jewelry.b -d 4096 -m data/monomer/productMeta_simple.txt --cp 'Clothing Shoes & Jewelry|Boys' --layer 2 --graph_path data/monomer/also_viewed.txt --dup_path data/monomer/duplicate_list.txt --output_path parsed_data/monomer/Boys-also_viewed
{
	"corpus": "data/amazon/image_features_Clothing_Shoes_and_Jewelry.b",
Loading features from data/amazon/image_features_Clothing_Shoes_and_Jewelry.b......................................................................................................................................................
  "nItems": 1494171,
Loading category data, category path = [Clothing Shoes & Jewelry, Boys], layer = 2 ..............................................................................................
  #Items with category: 42156

 [Warning]: So few items are having category info. Sth wrong may have happened.
Loading duplicate labels from data/monomer/duplicate_list.txt..............................................................................................................
Loading graph   "Graph": {.......
"also_viewed": 75689},
  Statistics: "nItems": 1494171, "nCategories": 41
   Edges: 75689
  Sampling non-edges 
  Done. Total edges: 151379
  Train edges: 121103, Val edges: 15138, Test edges: 15138
output items...
output parsed_data/monomer/Boys-also_viewed/train...
output parsed_data/monomer/Boys-also_viewed/val...
Failed to open 
+ for name in Baby Men Women Boys Girls
+ for rel in also_bought also_viewed
+ ./Monomer/split -f data/amazon/image_features_Clothing_Shoes_and_Jewelry.b -d 4096 -m data/monomer/productMeta_simple.txt --cp 'Clothing Shoes & Jewelry|Girls' --layer 2 --graph_path data/monomer/also_bought.txt --dup_path data/monomer/duplicate_list.txt --output_path parsed_data/monomer/Girls-also_bought
{
	"corpus": "data/amazon/image_features_Clothing_Shoes_and_Jewelry.b",
Loading features from data/amazon/image_features_Clothing_Shoes_and_Jewelry.b......................................................................................................................................................
  "nItems": 1494171,
Loading category data, category path = [Clothing Shoes & Jewelry, Girls], layer = 2 ..............................................................................................
  #Items with category: 56593

 [Warning]: So few items are having category info. Sth wrong may have happened.
Loading duplicate labels from data/monomer/duplicate_list.txt..............................................................................................................
Loading graph   "Graph": {...................
"also_bought": 191964},
  Statistics: "nItems": 1494171, "nCategories": 44
   Edges: 191964
  Sampling non-edges ...................
  Done. Total edges: 383928
  Train edges: 307142, Val edges: 38393, Test edges: 38393
output items...
output parsed_data/monomer/Girls-also_bought/train...
Failed to open 0?\
+ for rel in also_bought also_viewed
+ ./Monomer/split -f data/amazon/image_features_Clothing_Shoes_and_Jewelry.b -d 4096 -m data/monomer/productMeta_simple.txt --cp 'Clothing Shoes & Jewelry|Girls' --layer 2 --graph_path data/monomer/also_viewed.txt --dup_path data/monomer/duplicate_list.txt --output_path parsed_data/monomer/Girls-also_viewed
{
	"corpus": "data/amazon/image_features_Clothing_Shoes_and_Jewelry.b",
Loading features from data/amazon/image_features_Clothing_Shoes_and_Jewelry.b......................................................................................................................................................
  "nItems": 1494171,
Loading category data, category path = [Clothing Shoes & Jewelry, Girls], layer = 2 ..............................................................................................
  #Items with category: 56593

 [Warning]: So few items are having category info. Sth wrong may have happened.
Loading duplicate labels from data/monomer/duplicate_list.txt..............................................................................................................
Loading graph   "Graph": {.........
"also_viewed": 97881},
  Statistics: "nItems": 1494171, "nCategories": 44
   Edges: 97881
  Sampling non-edges 
  Done. Total edges: 195763
  Train edges: 156610, Val edges: 19576, Test edges: 19577
output items...
output parsed_data/monomer/Girls-also_viewed/train...
output parsed_data/monomer/Girls-also_viewed/val...
Failed to open 
fulva@eagle:~/compatibility-family-learning$ ls
???e?    README.md  checkpoints  experiments  logs   parsed_data  p??Y?  requirements.txt  tsflow  ??c`?  ???[?  ??+p?
Monomer  cfl        data         images       model  predicts     p??\?  targetDirectory   ???Z?   ?|?[?  ?&?i?
fulva@eagle:~/compatibility-family-learning$ rm ?*
rm: cannot remove 'cfl': Is a directory
rm: cannot remove 'checkpoints': Is a directory
rm: cannot remove 'data': Is a directory
rm: cannot remove 'experiments': Is a directory
rm: cannot remove 'images': Is a directory
rm: cannot remove 'logs': Is a directory
rm: cannot remove 'model': Is a directory
rm: cannot remove 'Monomer': Is a directory
rm: cannot remove 'parsed_data': Is a directory
rm: cannot remove 'predicts': Is a directory
rm: cannot remove 'targetDirectory': Is a directory
rm: cannot remove 'tsflow': Is a directory
fulva@eagle:~/compatibility-family
